<?xml version="1.0" encoding="UTF-8"?>
<beans xmlns="http://www.springframework.org/schema/beans"
	xmlns:xsi="http://www.w3.org/2001/XMLSchema-instance" xmlns:p="http://www.springframework.org/schema/p"
	xmlns:context="http://www.springframework.org/schema/context"
	xmlns:jee="http://www.springframework.org/schema/jee" xmlns:tx="http://www.springframework.org/schema/tx"
	xmlns:aop="http://www.springframework.org/schema/aop" xmlns:jaxws="http://cxf.apache.org/jaxws"
	xsi:schemaLocation="
			http://www.springframework.org/schema/beans 
			http://www.springframework.org/schema/beans/spring-beans-3.0.xsd
			http://www.springframework.org/schema/context 
			http://www.springframework.org/schema/context/spring-context-3.0.xsd
			http://www.springframework.org/schema/jee 
			http://www.springframework.org/schema/jee/spring-jee-3.0.xsd
			http://www.springframework.org/schema/tx 
			http://www.springframework.org/schema/tx/spring-tx-3.0.xsd
			http://www.springframework.org/schema/aop 
			http://www.springframework.org/schema/aop/spring-aop-3.0.xsd
			http://cxf.apache.org/jaxws 
    		http://cxf.apache.org/schemas/jaxws.xsd">

	<!-- 导入cxf文件 -->
	<import resource="classpath:META-INF/cxf/cxf.xml" />
	<import resource="classpath:META-INF/cxf/cxf-extension-soap.xml" />
	<import resource="classpath:META-INF/cxf/cxf-servlet.xml" />

	<jaxws:client id="voucherWS"
		serviceClass="com.hoau.wechat.ws.dc.OuterVocherServices"
		address="http://10.39.251.3:8080/hoaunew/services/OuterVocherServices" />

	<jaxws:client id="wayBillQuery" serviceClass="com.hoau.wechat.ws.waybill.QuerySignInfoServices"
	    address="http://10.39.251.3:8080/hoaunew/services/QuerySignInfoServices"/>
</beans>